Using pre-set license
Built from '2020.3/staging' branch; Version is '2020.3.11f1 (99c7afb366b3) revision 10078127'; Using compiler version '192528614'; Build Type 'Release'
OS: 'Windows 10 Pro; OS build 19042.1288; Version 2009; 64bit' Language: 'zh' Physical Memory: 8191 MB
BatchMode: 1, IsHumanControllingUs: 0, StartBugReporterOnCrash: 0, Is64bit: 1, IsPro: 0

 COMMAND LINE ARGUMENTS:
C:\Program Files\Unity\Hub\Editor\2020.3.11f1\Editor\Unity.exe
-adb2
-batchMode
-noUpm
-name
AssetImportWorker0
-projectPath
F:/Prg/CSharp/MQTT/M2MqttUnity
-logFile
Logs/AssetImportWorker0.log
-srvPort
54676
Successfully changed project path to: F:/Prg/CSharp/MQTT/M2MqttUnity
F:/Prg/CSharp/MQTT/M2MqttUnity
Using Asset Import Pipeline V2.
Refreshing native plugins compatible for Editor in 59.12 ms, found 2 plugins.
Preloading 0 native plugins for Editor in 0.00 ms.
Initialize engine version: 2020.3.11f1 (99c7afb366b3)
[Subsystems] Discovering subsystems at path C:/Program Files/Unity/Hub/Editor/2020.3.11f1/Editor/Data/Resources/UnitySubsystems
[Subsystems] Discovering subsystems at path F:/Prg/CSharp/MQTT/M2MqttUnity/Assets
GfxDevice: creating device client; threaded=0
Direct3D:
    Version:  Direct3D 11.0 [level 10.1]
    Renderer: NVIDIA GeForce 210  (ID=0xa65)
    Vendor:   
    VRAM:     459 MB
    Driver:   9.18.13.4174
Initialize mono
Mono path[0] = 'C:/Program Files/Unity/Hub/Editor/2020.3.11f1/Editor/Data/Managed'
Mono path[1] = 'C:/Program Files/Unity/Hub/Editor/2020.3.11f1/Editor/Data/MonoBleedingEdge/lib/mono/unityjit'
Mono config path = 'C:/Program Files/Unity/Hub/Editor/2020.3.11f1/Editor/Data/MonoBleedingEdge/etc'
Using monoOptions --debugger-agent=transport=dt_socket,embedding=1,server=y,suspend=n,address=127.0.0.1:56772
Begin MonoManager ReloadAssembly
Registering precompiled unity dll's ...
Register platform support module: C:/Program Files/Unity/Hub/Editor/2020.3.11f1/Editor/Data/PlaybackEngines/WebGLSupport/UnityEditor.WebGL.Extensions.dll
Register platform support module: C:/Program Files/Unity/Hub/Editor/2020.3.11f1/Editor/Data/PlaybackEngines/WindowsStandaloneSupport/UnityEditor.WindowsStandalone.Extensions.dll
Registered in 0.005556 seconds.
Native extension for WindowsStandalone target not found
Native extension for WebGL target not found
Refreshing native plugins compatible for Editor in 56.51 ms, found 2 plugins.
Preloading 0 native plugins for Editor in 0.00 ms.
Mono: successfully reloaded assembly
- Completed reload, in  3.164 seconds
Platform modules already initialized, skipping
Registering precompiled user dll's ...
Registered in 0.005639 seconds.
Begin MonoManager ReloadAssembly
Native extension for WindowsStandalone target not found
Native extension for WebGL target not found
Refreshing native plugins compatible for Editor in 0.69 ms, found 2 plugins.
Preloading 0 native plugins for Editor in 0.00 ms.
Mono: successfully reloaded assembly
- Completed reload, in  2.514 seconds
Platform modules already initialized, skipping
========================================================================
Worker process is ready to serve import requests
Launched and connected shader compiler UnityShaderCompiler.exe after 0.11 seconds
Refreshing native plugins compatible for Editor in 0.66 ms, found 2 plugins.
Preloading 0 native plugins for Editor in 0.00 ms.
Unloading 1435 Unused Serialized files (Serialized files now loaded: 0)
System memory in use before: 68.4 MB.
System memory in use after: 68.5 MB.

Unloading 19 unused Assets to reduce memory usage. Loaded Objects now: 1868.
Total: 4.799600 ms (FindLiveObjects: 0.525900 ms CreateObjectMapping: 0.123300 ms MarkObjects: 3.967900 ms  DeleteObjects: 0.179800 ms)

========================================================================
Received Import Request.
  path: Assets/Scenes
  artifactKey: Guid(2607466633553ed45b4cfda073ca6fcb) Importer(815301076,1909f56bfc062723c751e8b465ee728b)
Start importing Assets/Scenes using Guid(2607466633553ed45b4cfda073ca6fcb) Importer(815301076,1909f56bfc062723c751e8b465ee728b)  -> (artifact id: '6ef7aa411bc3d40fc2d5fb4aa6ba0705') in 0.022571 seconds
  Import took 0.030425 seconds .

========================================================================
Received Import Request.
  Time since last request: 0.000389 seconds.
  path: Assets/Scenes/SampleScene.unity
  artifactKey: Guid(9fc0d4010bbf28b4594072e72b8655ab) Importer(815301076,1909f56bfc062723c751e8b465ee728b)
Start importing Assets/Scenes/SampleScene.unity using Guid(9fc0d4010bbf28b4594072e72b8655ab) Importer(815301076,1909f56bfc062723c751e8b465ee728b)  -> (artifact id: '85059f4f9e1a832ed95adaa0d25c5c4c') in 0.068709 seconds
  Import took 0.078870 seconds .

========================================================================
Received Import Request.
  Time since last request: 13.997831 seconds.
  path: Assets/M2MqttUnity/Examples
  artifactKey: Guid(bb43baa40607deb429a1065ee019ff90) Importer(815301076,1909f56bfc062723c751e8b465ee728b)
Start importing Assets/M2MqttUnity/Examples using Guid(bb43baa40607deb429a1065ee019ff90) Importer(815301076,1909f56bfc062723c751e8b465ee728b)  -> (artifact id: '811f349c3009dd2399929fce5685584b') in 0.058342 seconds
  Import took 0.065502 seconds .

========================================================================
Received Import Request.
  Time since last request: 1.661299 seconds.
  path: Assets/M2MqttUnity/Examples/Scenes
  artifactKey: Guid(d74164cf955efac49ae3083396febb00) Importer(815301076,1909f56bfc062723c751e8b465ee728b)
Start importing Assets/M2MqttUnity/Examples/Scenes using Guid(d74164cf955efac49ae3083396febb00) Importer(815301076,1909f56bfc062723c751e8b465ee728b)  -> (artifact id: '02af7be61ae3e1eefb4476fc2c4ca3bb') in 0.050922 seconds
  Import took 0.057782 seconds .

========================================================================
Received Import Request.
  Time since last request: 1.600374 seconds.
  path: Assets/M2MqttUnity/Examples/Scenes/M2MqttUnity_Test.unity
  artifactKey: Guid(fad30ee856646504c9bfaacfe2247591) Importer(815301076,1909f56bfc062723c751e8b465ee728b)
Start importing Assets/M2MqttUnity/Examples/Scenes/M2MqttUnity_Test.unity using Guid(fad30ee856646504c9bfaacfe2247591) Importer(815301076,1909f56bfc062723c751e8b465ee728b)  -> (artifact id: '3b2f629963897ee5ffdf7445b1b490ad') in 0.049469 seconds
  Import took 0.059460 seconds .

========================================================================
Received Prepare
Registering precompiled user dll's ...
Registered in 0.050885 seconds.
Begin MonoManager ReloadAssembly
Native extension for WindowsStandalone target not found
Native extension for WebGL target not found
Refreshing native plugins compatible for Editor in 17.73 ms, found 2 plugins.
Preloading 0 native plugins for Editor in 0.00 ms.
Mono: successfully reloaded assembly
- Completed reload, in 20.475 seconds
Platform modules already initialized, skipping
Refreshing native plugins compatible for Editor in 3.03 ms, found 2 plugins.
Preloading 0 native plugins for Editor in 0.00 ms.
Unloading 1430 Unused Serialized files (Serialized files now loaded: 0)
System memory in use before: 68.4 MB.
System memory in use after: 68.5 MB.

Unloading 14 unused Assets to reduce memory usage. Loaded Objects now: 1871.
Total: 21.498100 ms (FindLiveObjects: 0.470300 ms CreateObjectMapping: 0.419300 ms MarkObjects: 18.943300 ms  DeleteObjects: 1.659700 ms)

========================================================================
Received Prepare
Registering precompiled user dll's ...
Registered in 0.007300 seconds.
Begin MonoManager ReloadAssembly
Native extension for WindowsStandalone target not found
Native extension for WebGL target not found
Refreshing native plugins compatible for Editor in 2.74 ms, found 2 plugins.
Preloading 0 native plugins for Editor in 0.00 ms.
Mono: successfully reloaded assembly
- Completed reload, in 32.130 seconds
Platform modules already initialized, skipping
Refreshing native plugins compatible for Editor in 0.67 ms, found 2 plugins.
Preloading 0 native plugins for Editor in 0.00 ms.
Unloading 1430 Unused Serialized files (Serialized files now loaded: 0)
System memory in use before: 68.4 MB.
System memory in use after: 68.5 MB.

Unloading 14 unused Assets to reduce memory usage. Loaded Objects now: 1874.
Total: 5.011700 ms (FindLiveObjects: 0.423600 ms CreateObjectMapping: 0.105100 ms MarkObjects: 4.253700 ms  DeleteObjects: 0.224500 ms)

========================================================================
Received Prepare
Registering precompiled user dll's ...
Registered in 0.005273 seconds.
Begin MonoManager ReloadAssembly
Native extension for WindowsStandalone target not found
Native extension for WebGL target not found
Refreshing native plugins compatible for Editor in 3.04 ms, found 2 plugins.
Preloading 0 native plugins for Editor in 0.00 ms.
Mono: successfully reloaded assembly
- Completed reload, in  2.872 seconds
Platform modules already initialized, skipping
Refreshing native plugins compatible for Editor in 0.75 ms, found 2 plugins.
Preloading 0 native plugins for Editor in 0.00 ms.
Unloading 1430 Unused Serialized files (Serialized files now loaded: 0)
System memory in use before: 68.4 MB.
System memory in use after: 68.5 MB.

Unloading 14 unused Assets to reduce memory usage. Loaded Objects now: 1877.
Total: 4.197500 ms (FindLiveObjects: 0.450900 ms CreateObjectMapping: 0.105600 ms MarkObjects: 3.520200 ms  DeleteObjects: 0.117700 ms)

========================================================================
Received Import Request.
  Time since last request: 2148.811320 seconds.
  path: Assets/M2MqttUnity/Examples/Scenes/M2MqttUnity_TestXR.unity
  artifactKey: Guid(a5aedeaf212ee024d8084c156b955948) Importer(815301076,1909f56bfc062723c751e8b465ee728b)
Start importing Assets/M2MqttUnity/Examples/Scenes/M2MqttUnity_TestXR.unity using Guid(a5aedeaf212ee024d8084c156b955948) Importer(815301076,1909f56bfc062723c751e8b465ee728b)  -> (artifact id: 'af622a730c39554e62705e89e142c346') in 0.073562 seconds
  Import took 0.100812 seconds .

========================================================================
Received Import Request.
  Time since last request: 12.342129 seconds.
  path: Assets/M2MqttUnity/Examples/Scripts/M2MqttUnityTest.cs
  artifactKey: Guid(bbaa80705124f9e439d56ca6d5e6db69) Importer(815301076,1909f56bfc062723c751e8b465ee728b)
Start importing Assets/M2MqttUnity/Examples/Scripts/M2MqttUnityTest.cs using Guid(bbaa80705124f9e439d56ca6d5e6db69) Importer(815301076,1909f56bfc062723c751e8b465ee728b)  -> (artifact id: '739a74ee6d84d35afb667a97ade2ce8f') in 0.140395 seconds
  Import took 0.161821 seconds .

========================================================================
Received Prepare
Registering precompiled user dll's ...
Registered in 0.035477 seconds.
Begin MonoManager ReloadAssembly
Native extension for WindowsStandalone target not found
Native extension for WebGL target not found
Refreshing native plugins compatible for Editor in 1.23 ms, found 2 plugins.
Preloading 0 native plugins for Editor in 0.00 ms.
Mono: successfully reloaded assembly
- Completed reload, in 19.978 seconds
Platform modules already initialized, skipping
Refreshing native plugins compatible for Editor in 3.13 ms, found 2 plugins.
Preloading 0 native plugins for Editor in 0.00 ms.
Unloading 1430 Unused Serialized files (Serialized files now loaded: 0)
System memory in use before: 68.5 MB.
System memory in use after: 68.5 MB.

Unloading 14 unused Assets to reduce memory usage. Loaded Objects now: 1880.
Total: 34.955300 ms (FindLiveObjects: 1.820100 ms CreateObjectMapping: 0.182500 ms MarkObjects: 28.086700 ms  DeleteObjects: 4.861200 ms)

========================================================================
Received Prepare
Registering precompiled user dll's ...
Registered in 0.005670 seconds.
Begin MonoManager ReloadAssembly
Native extension for WindowsStandalone target not found
Native extension for WebGL target not found
Refreshing native plugins compatible for Editor in 0.63 ms, found 2 plugins.
Preloading 0 native plugins for Editor in 0.00 ms.
Mono: successfully reloaded assembly
- Completed reload, in  3.354 seconds
Platform modules already initialized, skipping
Refreshing native plugins compatible for Editor in 0.89 ms, found 2 plugins.
Preloading 0 native plugins for Editor in 0.00 ms.
Unloading 1430 Unused Serialized files (Serialized files now loaded: 0)
System memory in use before: 68.5 MB.
System memory in use after: 68.5 MB.

Unloading 14 unused Assets to reduce memory usage. Loaded Objects now: 1883.
Total: 4.324900 ms (FindLiveObjects: 0.514600 ms CreateObjectMapping: 0.110500 ms MarkObjects: 3.584100 ms  DeleteObjects: 0.111700 ms)

========================================================================
Received Import Request.
  Time since last request: 802.854442 seconds.
  path: Assets/M2Mqtt/Utility/QueueExtension.cs
  artifactKey: Guid(8a0b522302464f5468d6c8fcb8d1f577) Importer(815301076,1909f56bfc062723c751e8b465ee728b)
Start importing Assets/M2Mqtt/Utility/QueueExtension.cs using Guid(8a0b522302464f5468d6c8fcb8d1f577) Importer(815301076,1909f56bfc062723c751e8b465ee728b)  -> (artifact id: '9c2bd826be20cddeb96c534a07dc7c5c') in 0.038732 seconds
  Import took 0.045063 seconds .

========================================================================
Received Import Request.
  Time since last request: 0.037278 seconds.
  path: Assets/M2Mqtt/Utility/QueueExtension.cs
  artifactKey: Guid(8a0b522302464f5468d6c8fcb8d1f577) Importer(815301076,1909f56bfc062723c751e8b465ee728b)
Start importing Assets/M2Mqtt/Utility/QueueExtension.cs using Guid(8a0b522302464f5468d6c8fcb8d1f577) Importer(815301076,1909f56bfc062723c751e8b465ee728b)  -> (artifact id: '9c2bd826be20cddeb96c534a07dc7c5c') in 0.023612 seconds
  Import took 0.029606 seconds .

AssetImportWorkerClient::OnTransportError - code=2 error=End of file
